{
  "RSpec": {
    "coverage": {
      "/home/ankita/workspace/events_app/app/helpers/application_helper.rb": {
        "lines": [
          1,
          null
        ]
      },
      "/home/ankita/workspace/events_app/app/models/access_code.rb": {
        "lines": [
          1,
          null,
          1,
          1,
          null,
          1,
          3,
          null,
          null,
          1,
          2,
          null
        ]
      },
      "/home/ankita/workspace/events_app/app/models/club.rb": {
        "lines": [
          1,
          null,
          1,
          null,
          1,
          null,
          1,
          null,
          null,
          1,
          null,
          1,
          null,
          null
        ]
      },
      "/home/ankita/workspace/events_app/app/models/application_record.rb": {
        "lines": [
          1,
          1,
          null
        ]
      },
      "/home/ankita/workspace/events_app/app/uploaders/club_uploader.rb": {
        "lines": [
          1,
          null,
          1,
          null,
          1,
          null,
          1,
          658,
          null,
          null,
          null,
          1,
          35,
          null,
          null,
          null,
          null
        ]
      },
      "/home/ankita/workspace/events_app/app/models/event.rb": {
        "lines": [
          1,
          null,
          1,
          null,
          1,
          null,
          1,
          null,
          1,
          null,
          1,
          null,
          1,
          null,
          1,
          null,
          null,
          null,
          1,
          1,
          null,
          1,
          null,
          null,
          1,
          30,
          1,
          29,
          0,
          null,
          null,
          null,
          null,
          1,
          30,
          2,
          null,
          null
        ]
      },
      "/home/ankita/workspace/events_app/app/uploaders/event_uploader.rb": {
        "lines": [
          1,
          1,
          null,
          1,
          null,
          1,
          117,
          null,
          null,
          null,
          1,
          28,
          null,
          null
        ]
      },
      "/home/ankita/workspace/events_app/app/models/student.rb": {
        "lines": [
          1,
          null,
          1,
          null,
          1,
          null,
          null,
          null,
          null,
          1,
          null,
          null,
          1,
          null,
          null,
          null,
          null,
          null,
          1,
          null,
          null,
          1,
          null,
          null,
          1,
          null
        ]
      },
      "/home/ankita/workspace/events_app/app/models/register.rb": {
        "lines": [
          1,
          1,
          null,
          null,
          1,
          null,
          1,
          null,
          null,
          null,
          null,
          null,
          1,
          1,
          null,
          1,
          1,
          null
        ]
      },
      "/home/ankita/workspace/events_app/app/controllers/auth_controller.rb": {
        "lines": [
          null,
          null,
          null,
          null,
          null,
          null,
          null,
          null,
          null,
          null,
          null,
          null,
          null,
          null,
          null,
          null,
          null,
          null,
          null,
          null,
          null,
          null,
          null,
          null,
          null,
          null,
          null,
          null,
          null,
          null,
          null,
          null,
          null,
          null,
          null,
          null,
          null,
          null,
          null,
          null,
          null,
          null,
          null,
          null,
          null,
          null,
          null,
          null,
          null,
          null,
          null,
          null,
          null,
          null,
          null,
          null,
          null,
          null,
          null,
          null,
          null,
          null,
          null,
          null,
          null,
          null,
          null,
          null,
          null,
          null,
          null,
          null,
          null,
          null,
          null,
          null,
          null,
          null,
          null,
          null,
          null,
          null,
          null,
          null,
          null,
          null,
          null,
          null,
          null,
          null,
          null,
          null,
          null,
          null,
          null,
          null,
          null,
          null,
          null,
          null,
          null,
          null,
          null,
          null,
          null,
          null,
          null,
          null,
          null,
          null,
          null,
          null,
          1,
          1,
          1,
          null,
          1,
          0,
          null,
          null,
          1,
          null,
          null,
          1,
          null,
          null,
          1,
          2,
          2,
          null,
          2,
          1,
          null,
          1,
          2,
          1,
          null,
          null,
          1,
          1,
          null,
          1,
          2,
          1,
          null,
          null,
          null,
          null,
          1,
          53,
          53,
          null,
          53,
          52,
          null,
          52,
          104,
          52,
          0,
          null,
          null,
          null,
          null,
          null,
          null,
          1,
          1,
          1,
          1,
          null,
          1,
          null,
          null,
          null,
          null,
          1,
          1,
          1,
          null,
          1,
          1,
          2,
          1,
          null,
          null,
          null,
          1,
          null,
          1,
          3,
          null,
          null,
          1,
          57,
          57,
          1,
          1,
          1,
          1,
          null,
          1,
          0,
          null,
          null,
          null,
          null
        ]
      },
      "/home/ankita/workspace/events_app/app/controllers/application_controller.rb": {
        "lines": [
          1,
          1,
          null,
          1,
          1,
          null,
          1,
          null,
          1,
          null,
          1,
          null,
          1,
          16,
          16,
          16,
          16,
          null,
          16,
          null,
          null,
          null,
          1,
          30,
          null,
          null,
          null,
          null,
          null,
          null,
          null,
          1,
          null,
          1,
          0,
          null,
          null,
          1,
          0,
          null,
          null,
          1,
          0,
          0,
          null,
          0,
          null,
          0,
          null,
          null,
          null,
          null,
          1,
          894,
          null,
          null,
          1,
          136,
          null,
          null,
          null,
          1,
          55,
          5,
          5,
          5,
          5,
          null,
          5,
          null,
          null,
          null,
          null,
          null,
          null,
          1,
          29,
          null,
          null,
          1,
          0,
          null,
          null,
          1,
          14,
          null
        ]
      },
      "/home/ankita/workspace/events_app/app/services/auth_service.rb": {
        "lines": [
          1,
          1,
          null,
          1,
          127,
          null,
          null,
          1,
          5,
          null,
          5,
          4,
          4,
          null,
          1,
          1,
          null,
          null,
          null,
          1,
          59,
          null,
          59,
          55,
          55,
          null,
          4,
          4,
          null,
          null,
          null,
          1,
          2,
          null,
          null,
          1,
          60,
          null,
          null,
          1,
          null,
          null,
          113,
          null,
          null,
          null,
          null,
          null,
          null,
          null,
          1,
          null,
          null,
          1,
          null,
          null,
          59,
          59,
          null
        ]
      },
      "/home/ankita/workspace/events_app/app/services/club_service.rb": {
        "lines": [
          1,
          1,
          null,
          1,
          25,
          25,
          null,
          null,
          1,
          4,
          null,
          null,
          1,
          9,
          null,
          2,
          2,
          null,
          null,
          1,
          2,
          null,
          null,
          1,
          3,
          3,
          null,
          3,
          2,
          null,
          1,
          1,
          null,
          null,
          null,
          1,
          3,
          2,
          null,
          1,
          1,
          null,
          null,
          null,
          1,
          4,
          3,
          null,
          1,
          1,
          null,
          null
        ]
      },
      "/home/ankita/workspace/events_app/app/services/event_service.rb": {
        "lines": [
          1,
          1,
          null,
          1,
          48,
          48,
          null,
          null,
          1,
          4,
          null,
          null,
          1,
          15,
          null,
          1,
          1,
          null,
          null,
          1,
          3,
          3,
          3,
          null,
          null,
          1,
          3,
          null,
          3,
          1,
          null,
          3,
          2,
          null,
          1,
          1,
          null,
          null,
          null,
          null,
          1,
          2,
          1,
          null,
          1,
          1,
          null,
          null,
          null,
          1,
          2,
          1,
          null,
          1,
          1,
          null,
          null,
          null,
          1,
          null,
          null,
          2,
          1,
          1,
          null,
          null,
          null,
          1,
          1,
          null,
          null,
          1,
          1,
          null,
          null
        ]
      },
      "/home/ankita/workspace/events_app/app/controllers/students_controller.rb": {
        "lines": [
          1,
          1,
          null,
          null,
          1,
          0,
          null,
          null,
          1,
          0,
          null,
          null,
          1,
          null,
          null,
          1,
          2,
          2,
          2,
          null,
          0,
          null,
          null,
          null,
          null,
          1,
          1,
          null,
          null,
          1,
          1,
          1,
          1,
          1,
          null,
          1,
          null,
          1,
          1,
          1,
          null,
          0,
          null,
          0,
          null,
          null,
          null,
          null,
          1,
          null,
          null,
          null,
          null,
          null,
          null,
          1,
          0,
          null,
          null,
          1,
          1,
          2,
          null,
          null,
          null,
          null
        ]
      },
      "/home/ankita/workspace/events_app/app/controllers/clubs_controller.rb": {
        "lines": [
          null,
          null,
          null,
          null,
          null,
          null,
          null,
          null,
          null,
          null,
          null,
          null,
          null,
          null,
          null,
          null,
          null,
          null,
          null,
          null,
          null,
          null,
          null,
          null,
          null,
          null,
          null,
          null,
          null,
          null,
          null,
          null,
          null,
          null,
          null,
          null,
          null,
          null,
          null,
          null,
          null,
          null,
          null,
          null,
          null,
          null,
          null,
          null,
          null,
          null,
          null,
          null,
          null,
          null,
          null,
          null,
          null,
          null,
          null,
          null,
          null,
          null,
          null,
          null,
          null,
          null,
          null,
          null,
          null,
          null,
          null,
          null,
          null,
          null,
          null,
          null,
          null,
          null,
          null,
          null,
          null,
          null,
          null,
          null,
          1,
          1,
          1,
          null,
          1,
          null,
          null,
          1,
          0,
          0,
          0,
          null,
          null,
          1,
          3,
          null,
          null,
          1,
          2,
          null,
          null,
          1,
          1,
          1,
          null,
          null,
          1,
          1,
          1,
          null,
          1,
          1,
          null,
          0,
          0,
          0,
          null,
          null,
          null,
          1,
          1,
          null,
          null,
          1,
          1,
          1,
          1,
          null,
          1,
          1,
          null,
          0,
          0,
          null,
          null,
          null,
          1,
          2,
          2,
          2,
          null,
          2,
          2,
          null,
          0,
          null,
          null,
          null,
          1,
          null,
          1,
          7,
          7,
          null,
          7,
          1,
          1,
          null,
          null,
          null,
          1,
          2,
          null,
          null
        ]
      },
      "/home/ankita/workspace/events_app/app/policies/club_policy.rb": {
        "lines": [
          1,
          1,
          1,
          0,
          0,
          0,
          0,
          null,
          0,
          null,
          null,
          null,
          null,
          1,
          0,
          null,
          null,
          1,
          2,
          null,
          null,
          1,
          1,
          null,
          null,
          null,
          null,
          1,
          622,
          622,
          618,
          null,
          null,
          1,
          2,
          2,
          0,
          null,
          null,
          1,
          0,
          null
        ]
      },
      "/home/ankita/workspace/events_app/app/policies/application_policy.rb": {
        "lines": [
          null,
          null,
          1,
          1,
          null,
          1,
          732,
          732,
          null,
          null,
          1,
          0,
          null,
          null,
          1,
          0,
          null,
          null,
          1,
          0,
          null,
          null,
          1,
          1,
          null,
          null,
          1,
          0,
          null,
          null,
          1,
          621,
          null,
          null,
          1,
          0,
          null,
          null,
          1,
          1,
          3,
          3,
          null,
          null,
          1,
          0,
          null,
          null,
          1,
          null,
          1,
          null,
          null
        ]
      },
      "/home/ankita/workspace/events_app/app/controllers/errors_controller.rb": {
        "lines": [
          1,
          1,
          null,
          null,
          1,
          8,
          16,
          8,
          null,
          null,
          null
        ]
      },
      "/home/ankita/workspace/events_app/app/controllers/events_controller.rb": {
        "lines": [
          null,
          null,
          null,
          null,
          null,
          null,
          null,
          null,
          null,
          null,
          null,
          null,
          null,
          null,
          null,
          null,
          null,
          null,
          null,
          null,
          null,
          null,
          null,
          null,
          null,
          null,
          null,
          null,
          null,
          null,
          null,
          null,
          null,
          null,
          null,
          null,
          null,
          null,
          null,
          null,
          null,
          null,
          null,
          null,
          null,
          null,
          null,
          null,
          null,
          null,
          null,
          null,
          null,
          null,
          null,
          null,
          null,
          null,
          null,
          null,
          null,
          null,
          null,
          null,
          null,
          null,
          null,
          null,
          null,
          null,
          null,
          null,
          null,
          null,
          null,
          null,
          null,
          null,
          null,
          null,
          null,
          null,
          null,
          null,
          null,
          null,
          null,
          null,
          null,
          null,
          null,
          null,
          null,
          null,
          null,
          null,
          null,
          null,
          null,
          null,
          null,
          null,
          null,
          null,
          null,
          null,
          null,
          null,
          null,
          null,
          null,
          null,
          null,
          null,
          null,
          null,
          null,
          null,
          null,
          null,
          null,
          null,
          null,
          null,
          1,
          1,
          1,
          1,
          null,
          1,
          null,
          null,
          1,
          3,
          3,
          null,
          3,
          3,
          3,
          null,
          null,
          null,
          1,
          1,
          1,
          1,
          1,
          null,
          null,
          null,
          1,
          1,
          1,
          1,
          0,
          null,
          null,
          1,
          3,
          3,
          null,
          3,
          0,
          0,
          0,
          null,
          0,
          0,
          0,
          0,
          null,
          0,
          0,
          null,
          null,
          null,
          null,
          1,
          2,
          2,
          0,
          null,
          null,
          1,
          3,
          3,
          0,
          null,
          0,
          0,
          0,
          0,
          null,
          0,
          0,
          0,
          null,
          null,
          null,
          null,
          1,
          3,
          3,
          0,
          null,
          0,
          0,
          0,
          0,
          null,
          0,
          0,
          0,
          null,
          null,
          null,
          null,
          1,
          4,
          4,
          0,
          0,
          0,
          null,
          null,
          0,
          0,
          null,
          null,
          null,
          1,
          null,
          1,
          13,
          13,
          null,
          13,
          0,
          0,
          0,
          null,
          null,
          null,
          null,
          1,
          3,
          null,
          null,
          null,
          null,
          null,
          null,
          null,
          null,
          null,
          null,
          null
        ]
      },
      "/home/ankita/workspace/events_app/app/policies/event_policy.rb": {
        "lines": [
          1,
          1,
          0,
          null,
          null,
          1,
          1,
          null,
          null,
          1,
          4,
          null,
          null,
          1,
          1,
          null,
          null,
          1,
          190,
          null,
          null,
          1,
          3,
          null,
          null,
          1,
          4,
          null,
          null,
          1,
          4,
          4,
          4,
          null,
          null,
          1,
          1,
          3,
          null,
          null
        ]
      },
      "/home/ankita/workspace/events_app/app/controllers/password_resets_controller.rb": {
        "lines": [
          1,
          null,
          1,
          null,
          1,
          null,
          null,
          1,
          null,
          null,
          1,
          3,
          null,
          3,
          1,
          null,
          null,
          3,
          null,
          null,
          null,
          1,
          2,
          null,
          null,
          1,
          null,
          null,
          null,
          1,
          null,
          0,
          0,
          null,
          0,
          null,
          null,
          0,
          null,
          null,
          null,
          null,
          1,
          null,
          null,
          1,
          null,
          0,
          null
        ]
      },
      "/home/ankita/workspace/events_app/app/mailers/password_mailer.rb": {
        "lines": [
          1,
          null,
          null,
          null,
          null,
          null,
          1,
          1,
          null,
          1,
          null,
          null
        ]
      },
      "/home/ankita/workspace/events_app/app/mailers/application_mailer.rb": {
        "lines": [
          1,
          1,
          1,
          null
        ]
      },
      "/home/ankita/workspace/events_app/app/controllers/registers_controller.rb": {
        "lines": [
          1,
          1,
          null,
          1,
          null,
          null,
          1,
          1,
          1,
          null,
          null,
          1,
          1,
          1,
          1,
          null,
          null,
          null,
          null,
          null,
          1,
          2,
          null,
          2,
          4,
          2,
          null,
          null,
          null,
          1,
          1,
          null,
          null,
          1,
          1,
          null,
          null,
          1,
          0,
          0,
          null,
          null,
          1,
          1,
          1,
          null,
          0,
          null,
          null,
          null,
          1,
          null,
          1,
          2,
          null,
          0,
          0,
          0,
          0,
          null,
          0,
          null,
          null,
          null,
          1,
          1,
          null,
          null,
          null
        ]
      },
      "/home/ankita/workspace/events_app/app/services/students_service.rb": {
        "lines": [
          1,
          null,
          1,
          1,
          1,
          1,
          1,
          1,
          null,
          null,
          null,
          1,
          1,
          1,
          1,
          null,
          0,
          null,
          null,
          null,
          1,
          null,
          1,
          null,
          1,
          null,
          0,
          null,
          0,
          null,
          null,
          null,
          null,
          1,
          1,
          null
        ]
      },
      "/home/ankita/workspace/events_app/app/jobs/application_job.rb": {
        "lines": [
          0,
          null,
          null,
          null,
          null,
          null,
          0
        ],
        "branches": {}
      }
    },
    "timestamp": 1742811896
  }
}
