{
  "RSpec": {
    "coverage": {
      "/home/ankita/workspace/events_app/app/helpers/application_helper.rb": {
        "lines": [
          1,
          null
        ]
      },
      "/home/ankita/workspace/events_app/app/models/access_code.rb": {
        "lines": [
          1,
          null,
          1,
          1,
          null,
          1,
          2,
          null,
          null,
          1,
          2,
          null
        ]
      },
      "/home/ankita/workspace/events_app/app/models/club.rb": {
        "lines": [
          1,
          null,
          1,
          null,
          1,
          null,
          1,
          null,
          null,
          1,
          null,
          1,
          null,
          null
        ]
      },
      "/home/ankita/workspace/events_app/app/models/application_record.rb": {
        "lines": [
          1,
          1,
          null
        ]
      },
      "/home/ankita/workspace/events_app/app/uploaders/club_uploader.rb": {
        "lines": [
          1,
          null,
          1,
          null,
          1,
          null,
          1,
          513,
          null,
          null,
          null,
          1,
          30,
          null,
          null,
          null,
          null
        ]
      },
      "/home/ankita/workspace/events_app/app/models/event.rb": {
        "lines": [
          1,
          null,
          1,
          null,
          1,
          null,
          1,
          null,
          1,
          null,
          1,
          null,
          1,
          null,
          1,
          null,
          null,
          null,
          1,
          1,
          null,
          1,
          null,
          null,
          1,
          24,
          1,
          23,
          0,
          null,
          null,
          null,
          null,
          1,
          24,
          2,
          null,
          null
        ]
      },
      "/home/ankita/workspace/events_app/app/uploaders/event_uploader.rb": {
        "lines": [
          1,
          1,
          null,
          1,
          null,
          1,
          20,
          null,
          null,
          null,
          null,
          1,
          22,
          null,
          null,
          null,
          null
        ]
      },
      "/home/ankita/workspace/events_app/app/models/student.rb": {
        "lines": [
          1,
          null,
          1,
          null,
          1,
          null,
          null,
          null,
          null,
          1,
          null,
          null,
          1,
          null,
          null,
          null,
          null,
          null,
          1,
          null,
          null,
          1,
          null,
          null,
          1,
          null
        ]
      },
      "/home/ankita/workspace/events_app/app/models/register.rb": {
        "lines": [
          1,
          1,
          null,
          null,
          1,
          null,
          1,
          null,
          null,
          null,
          null,
          null,
          1,
          1,
          null,
          1,
          1,
          null
        ]
      },
      "/home/ankita/workspace/events_app/app/controllers/auth_controller.rb": {
        "lines": [
          1,
          1,
          1,
          null,
          1,
          0,
          null,
          null,
          1,
          null,
          null,
          1,
          null,
          null,
          1,
          null,
          null,
          1,
          null,
          2,
          2,
          null,
          2,
          null,
          1,
          null,
          null,
          null,
          null,
          null,
          null,
          1,
          2,
          null,
          1,
          null,
          null,
          null,
          1,
          2,
          1,
          null,
          null,
          null,
          null,
          null,
          1,
          38,
          38,
          null,
          37,
          null,
          null,
          null,
          null,
          null,
          null,
          null,
          37,
          null,
          37,
          74,
          37,
          0,
          null,
          null,
          null,
          null,
          null,
          null,
          1,
          1,
          1,
          1,
          null,
          1,
          null,
          null,
          null,
          null,
          1,
          1,
          1,
          2,
          1,
          null,
          null,
          null,
          null,
          1,
          null,
          1,
          2,
          null,
          null,
          1,
          null,
          42,
          1,
          1,
          1,
          1,
          null,
          1,
          0,
          null,
          null,
          null,
          null,
          null
        ]
      },
      "/home/ankita/workspace/events_app/app/controllers/application_controller.rb": {
        "lines": [
          1,
          1,
          null,
          1,
          1,
          null,
          1,
          null,
          1,
          null,
          1,
          null,
          1,
          14,
          14,
          14,
          14,
          null,
          14,
          null,
          null,
          null,
          1,
          30,
          null,
          null,
          null,
          null,
          null,
          null,
          null,
          1,
          null,
          1,
          39,
          null,
          null,
          1,
          0,
          null,
          null,
          1,
          0,
          0,
          null,
          0,
          null,
          0,
          null,
          null,
          null,
          null,
          1,
          740,
          null,
          null,
          1,
          170,
          null,
          null,
          null,
          1,
          42,
          5,
          5,
          5,
          5,
          null,
          5,
          null,
          null,
          null,
          null,
          null,
          null,
          1,
          31,
          null,
          null,
          1,
          0,
          null,
          null,
          1,
          15,
          null
        ]
      },
      "/home/ankita/workspace/events_app/app/controllers/students_controller.rb": {
        "lines": [
          1,
          1,
          null,
          null,
          1,
          1,
          null,
          null,
          1,
          0,
          null,
          null,
          1,
          null,
          null,
          1,
          0,
          0,
          0,
          null,
          0,
          null,
          null,
          null,
          null,
          1,
          0,
          null,
          null,
          1,
          0,
          0,
          0,
          0,
          null,
          0,
          null,
          0,
          0,
          0,
          null,
          0,
          null,
          0,
          null,
          null,
          null,
          null,
          1,
          null,
          null,
          null,
          null,
          null,
          null,
          1,
          0,
          null,
          null,
          1,
          1,
          0,
          null,
          null,
          null,
          null
        ]
      },
      "/home/ankita/workspace/events_app/app/controllers/clubs_controller.rb": {
        "lines": [
          1,
          1,
          null,
          1,
          null,
          1,
          null,
          null,
          1,
          0,
          0,
          0,
          null,
          null,
          1,
          3,
          null,
          null,
          1,
          2,
          null,
          null,
          1,
          1,
          1,
          null,
          null,
          1,
          1,
          null,
          null,
          null,
          1,
          2,
          2,
          2,
          null,
          2,
          1,
          null,
          null,
          1,
          null,
          null,
          null,
          1,
          2,
          null,
          2,
          1,
          null,
          1,
          null,
          null,
          null,
          1,
          2,
          null,
          2,
          2,
          4,
          2,
          null,
          null,
          null,
          null,
          1,
          1,
          8,
          null,
          null,
          1,
          2,
          1,
          null,
          null,
          null,
          1,
          4,
          null,
          null,
          null
        ]
      },
      "/home/ankita/workspace/events_app/app/policies/club_policy.rb": {
        "lines": [
          1,
          1,
          1,
          0,
          0,
          0,
          0,
          null,
          0,
          null,
          null,
          null,
          null,
          1,
          0,
          null,
          null,
          1,
          2,
          null,
          null,
          1,
          3,
          null,
          null,
          null,
          null,
          1,
          482,
          482,
          477,
          null,
          null,
          1,
          2,
          2,
          0,
          null,
          null,
          1,
          0,
          null
        ]
      },
      "/home/ankita/workspace/events_app/app/policies/application_policy.rb": {
        "lines": [
          null,
          null,
          1,
          1,
          null,
          1,
          501,
          501,
          null,
          null,
          1,
          0,
          null,
          null,
          1,
          0,
          null,
          null,
          1,
          0,
          null,
          null,
          1,
          1,
          null,
          null,
          1,
          0,
          null,
          null,
          1,
          480,
          null,
          null,
          1,
          0,
          null,
          null,
          1,
          1,
          3,
          3,
          null,
          null,
          1,
          0,
          null,
          null,
          1,
          null,
          1,
          null,
          null
        ]
      },
      "/home/ankita/workspace/events_app/app/controllers/errors_controller.rb": {
        "lines": [
          1,
          1,
          null,
          null,
          1,
          2,
          4,
          2,
          null,
          null,
          null
        ]
      },
      "/home/ankita/workspace/events_app/app/controllers/events_controller.rb": {
        "lines": [
          1,
          1,
          null,
          1,
          1,
          null,
          1,
          null,
          null,
          null,
          null,
          null,
          1,
          3,
          3,
          3,
          3,
          null,
          null,
          null,
          1,
          0,
          0,
          0,
          null,
          0,
          null,
          null,
          null,
          1,
          1,
          1,
          1,
          0,
          null,
          null,
          1,
          3,
          3,
          0,
          null,
          0,
          0,
          null,
          null,
          0,
          0,
          0,
          0,
          null,
          0,
          0,
          null,
          0,
          null,
          null,
          null,
          null,
          1,
          2,
          0,
          null,
          null,
          1,
          3,
          0,
          0,
          null,
          0,
          0,
          null,
          0,
          0,
          null,
          null,
          null,
          null,
          1,
          3,
          0,
          0,
          0,
          0,
          null,
          null,
          null,
          null,
          1,
          2,
          0,
          0,
          null,
          null,
          null,
          2,
          0,
          null,
          null,
          1,
          null,
          1,
          11,
          null,
          1,
          1,
          1,
          1,
          null,
          1,
          null,
          null,
          null,
          1,
          3,
          null,
          null,
          null,
          null,
          null,
          null,
          null,
          null,
          null,
          null,
          null
        ]
      },
      "/home/ankita/workspace/events_app/app/policies/event_policy.rb": {
        "lines": [
          1,
          1,
          0,
          null,
          null,
          1,
          0,
          null,
          null,
          1,
          4,
          null,
          null,
          1,
          1,
          null,
          null,
          1,
          8,
          null,
          null,
          1,
          2,
          null,
          null,
          1,
          3,
          null,
          null,
          1,
          2,
          2,
          2,
          null,
          null,
          1,
          1,
          3,
          null,
          null
        ]
      },
      "/home/ankita/workspace/events_app/app/controllers/password_resets_controller.rb": {
        "lines": [
          1,
          null,
          1,
          null,
          1,
          null,
          null,
          1,
          null,
          null,
          1,
          3,
          null,
          3,
          1,
          null,
          null,
          3,
          null,
          null,
          null,
          1,
          2,
          null,
          null,
          1,
          null,
          null,
          null,
          1,
          null,
          0,
          0,
          null,
          0,
          null,
          null,
          0,
          null,
          null,
          null,
          null,
          1,
          null,
          null,
          1,
          null,
          0,
          null
        ]
      },
      "/home/ankita/workspace/events_app/app/mailers/password_mailer.rb": {
        "lines": [
          1,
          null,
          null,
          null,
          null,
          null,
          1,
          1,
          null,
          1,
          null,
          null
        ]
      },
      "/home/ankita/workspace/events_app/app/mailers/application_mailer.rb": {
        "lines": [
          1,
          1,
          1,
          null
        ]
      },
      "/home/ankita/workspace/events_app/app/controllers/registers_controller.rb": {
        "lines": [
          1,
          1,
          null,
          1,
          null,
          null,
          1,
          0,
          0,
          null,
          null,
          1,
          1,
          null,
          null,
          1,
          null,
          0,
          null,
          0,
          0,
          0,
          null,
          null,
          0,
          null,
          0,
          null,
          0,
          null,
          null,
          0,
          null,
          null,
          null,
          1,
          null,
          1,
          0,
          null,
          null,
          1,
          0,
          null,
          null,
          null
        ]
      },
      "/home/ankita/workspace/events_app/app/jobs/application_job.rb": {
        "lines": [
          0,
          null,
          null,
          null,
          null,
          null,
          0
        ],
        "branches": {}
      },
      "/home/ankita/workspace/events_app/app/models/uploaders/event_uploader.rb": {
        "lines": [
          0,
          null,
          0,
          null,
          0,
          null,
          0,
          0,
          0,
          null,
          null,
          0,
          0,
          null,
          0
        ],
        "branches": {}
      },
      "/home/ankita/workspace/events_app/app/services/students_service.rb": {
        "lines": [
          0,
          null,
          0,
          0,
          0,
          0,
          0,
          0,
          null,
          0,
          null,
          0,
          0,
          0,
          0,
          0,
          0,
          0,
          0,
          null,
          0,
          null,
          0,
          0,
          0,
          0,
          0,
          0,
          0,
          0,
          0,
          null,
          null,
          0,
          0,
          0,
          0
        ],
        "branches": {}
      }
    },
    "timestamp": 1742624086
  }
}
